<?xml version="1.0" encoding="UTF-8"?>
<!-- Generated by org.testng.reporters.JUnitReportReporter -->
<testsuite hostname="Shweta" failures="0" tests="1" name="MyTest.AddCampaingWithProduct" time="36.946" errors="0" timestamp="2024-09-02T19:33:31 IST" skipped="0">
  <testcase classname="MyTest.AddCampaingWithProduct" name="addCampWithProd" time="36.946"/>
  <system-out/>
</testsuite> <!-- MyTest.AddCampaingWithProduct -->
