<?xml version="1.0" encoding="UTF-8"?>
<!-- Generated by org.testng.reporters.JUnitReportReporter -->
<testsuite hostname="Shweta" failures="0" tests="1" name="Campaings.CreateCampaing" time="18.995" errors="0" timestamp="2024-08-31T23:12:06 IST" skipped="0">
  <testcase classname="Campaings.CreateCampaing" name="createCampaign" time="18.995"/>
  <system-out/>
</testsuite> <!-- Campaings.CreateCampaing -->
