<?xml version="1.0" encoding="UTF-8"?>
<!-- Generated by org.testng.reporters.JUnitReportReporter -->
<testsuite hostname="Shweta" failures="0" tests="2" name="TestNgPractise.DataProviderOrg" time="48.955" errors="0" timestamp="2024-08-30T20:21:03 IST" skipped="0">
  <testcase classname="TestNgPractise.DataProviderOrg" name="Data_OrgCreateTest" time="27.161"/>
  <system-out/>
  <testcase classname="TestNgPractise.DataProviderOrg" name="Data_OrgCreateTest" time="21.794"/>
  <system-out/>
</testsuite> <!-- TestNgPractise.DataProviderOrg -->
