<?xml version="1.0" encoding="UTF-8"?>
<!-- Generated by org.testng.reporters.JUnitReportReporter -->
<testsuite hostname="Shweta" failures="0" tests="1" name="TestNgPractise.DataProviderOrg2" time="21.241" errors="0" timestamp="2024-08-30T20:54:26 IST" skipped="0">
  <testcase classname="TestNgPractise.DataProviderOrg2" name="Data_OrgCreateTest" time="21.241"/>
  <system-out/>
</testsuite> <!-- TestNgPractise.DataProviderOrg2 -->
