<?xml version="1.0" encoding="UTF-8"?>
<!-- Generated by org.testng.reporters.JUnitReportReporter -->
<testsuite hostname="Shweta" failures="0" tests="1" name="OrganizationVtiger.CreateOrgTest" time="22.572" errors="0" timestamp="2024-09-05T19:56:52 IST" skipped="0">
  <testcase classname="OrganizationVtiger.CreateOrgTest" name="createOrg" time="22.572"/>
  <system-out/>
</testsuite> <!-- OrganizationVtiger.CreateOrgTest -->
