<?xml version="1.0" encoding="UTF-8"?>
<!-- Generated by org.testng.reporters.JUnitReportReporter -->
<testsuite hostname="Shweta" failures="0" tests="1" name="Campaings.CreateCampaingTest" time="20.559" errors="0" timestamp="2024-09-05T19:56:52 IST" skipped="0">
  <testcase classname="Campaings.CreateCampaingTest" name="createCampaign" time="20.559"/>
  <system-out/>
</testsuite> <!-- Campaings.CreateCampaingTest -->
