<?xml version="1.0" encoding="UTF-8"?>
<!-- Generated by org.testng.reporters.JUnitReportReporter -->
<testsuite hostname="Shweta" failures="0" tests="1" name="Product.CreateProduct" time="21.131" errors="0" timestamp="2024-08-31T22:50:52 IST" skipped="0">
  <testcase classname="Product.CreateProduct" name="createProduct" time="21.131"/>
  <system-out/>
</testsuite> <!-- Product.CreateProduct -->
