<?xml version="1.0" encoding="UTF-8"?>
<!-- Generated by org.testng.reporters.JUnitReportReporter -->
<testsuite hostname="Shweta" failures="0" tests="1" name="OrganizationVtiger.CreateOrg" time="19.952" errors="0" timestamp="2024-08-31T22:47:24 IST" skipped="0">
  <testcase classname="OrganizationVtiger.CreateOrg" name="createOrg" time="19.952"/>
  <system-out/>
</testsuite> <!-- OrganizationVtiger.CreateOrg -->
