<?xml version="1.0" encoding="UTF-8"?>
<!-- Generated by org.testng.reporters.JUnitReportReporter -->
<testsuite hostname="Shweta" failures="0" tests="1" name="Campaings.AddCampaingWithProduct" time="33.395" errors="0" timestamp="2024-09-04T20:16:07 IST" skipped="0">
  <testcase classname="Campaings.AddCampaingWithProduct" name="addCampWithProd" time="33.395"/>
  <system-out/>
</testsuite> <!-- Campaings.AddCampaingWithProduct -->
