<?xml version="1.0" encoding="UTF-8"?>
<!-- Generated by org.testng.reporters.JUnitReportReporter -->
<testsuite hostname="Shweta" failures="0" tests="5" name="TestNgPractise.SampleTest" time="0.016" errors="0" timestamp="2024-08-29T20:52:04 IST" skipped="0">
  <testcase classname="TestNgPractise.SampleTest" name="modifyProductTest" time="0.001"/>
  <system-out/>
  <testcase classname="TestNgPractise.SampleTest" name="createProductTest" time="0.002"/>
  <system-out/>
  <testcase classname="TestNgPractise.SampleTest" name="deleteProductTest" time="0.000"/>
  <system-out/>
  <testcase classname="TestNgPractise.SampleTest" name="deleteProductTest" time="0.001"/>
  <system-out/>
  <testcase classname="TestNgPractise.SampleTest" name="createProductTest" time="0.012"/>
  <system-out/>
</testsuite> <!-- TestNgPractise.SampleTest -->
