<?xml version="1.0" encoding="UTF-8"?>
<!-- Generated by org.testng.reporters.JUnitReportReporter -->
<testsuite hostname="Shweta" failures="0" tests="3" name="TestNgPractise.DataProvideEx1" time="0.009" errors="0" timestamp="2024-08-30T20:23:31 IST" skipped="0">
  <testcase classname="TestNgPractise.DataProvideEx1" name="bookTickets" time="0.005"/>
  <system-out/>
  <testcase classname="TestNgPractise.DataProvideEx1" name="bookTickets" time="0.002"/>
  <system-out/>
  <testcase classname="TestNgPractise.DataProvideEx1" name="bookTickets" time="0.002"/>
  <system-out/>
</testsuite> <!-- TestNgPractise.DataProvideEx1 -->
